/ddn/smcelroy97/miniconda3/envs/netpyne_sm/bin/nrniv:10: DeprecationWarning: pkg_resources is deprecated as an API. See https://setuptools.pypa.io/en/latest/pkg_resources.html
  from pkg_resources import working_set
/ddn/smcelroy97/miniconda3/envs/netpyne_sm/bin/nrniv:10: DeprecationWarning: pkg_resources is deprecated as an API. See https://setuptools.pypa.io/en/latest/pkg_resources.html
  from pkg_resources import working_set
/ddn/smcelroy97/miniconda3/envs/netpyne_sm/bin/nrniv:10: DeprecationWarning: pkg_resources is deprecated as an API. See https://setuptools.pypa.io/en/latest/pkg_resources.html
  from pkg_resources import working_set
/ddn/smcelroy97/miniconda3/envs/netpyne_sm/bin/nrniv:10: DeprecationWarning: pkg_resources is deprecated as an API. See https://setuptools.pypa.io/en/latest/pkg_resources.html
  from pkg_resources import working_set
/ddn/smcelroy97/miniconda3/envs/netpyne_sm/bin/nrniv:10: DeprecationWarning: pkg_resources is deprecated as an API. See https://setuptools.pypa.io/en/latest/pkg_resources.html
  from pkg_resources import working_set
/ddn/smcelroy97/miniconda3/envs/netpyne_sm/bin/nrniv:10: DeprecationWarning: pkg_resources is deprecated as an API. See https://setuptools.pypa.io/en/latest/pkg_resources.html
  from pkg_resources import working_set
/ddn/smcelroy97/miniconda3/envs/netpyne_sm/bin/nrniv:10: DeprecationWarning: pkg_resources is deprecated as an API. See https://setuptools.pypa.io/en/latest/pkg_resources.html
  from pkg_resources import working_set
/ddn/smcelroy97/miniconda3/envs/netpyne_sm/bin/nrniv:10: DeprecationWarning: pkg_resources is deprecated as an API. See https://setuptools.pypa.io/en/latest/pkg_resources.html
  from pkg_resources import working_set
/ddn/smcelroy97/miniconda3/envs/netpyne_sm/bin/nrniv:10: DeprecationWarning: pkg_resources is deprecated as an API. See https://setuptools.pypa.io/en/latest/pkg_resources.html
  from pkg_resources import working_set
/ddn/smcelroy97/miniconda3/envs/netpyne_sm/bin/nrniv:10: DeprecationWarning: pkg_resources is deprecated as an API. See https://setuptools.pypa.io/en/latest/pkg_resources.html
  from pkg_resources import working_set
/ddn/smcelroy97/miniconda3/envs/netpyne_sm/bin/nrniv:10: DeprecationWarning: pkg_resources is deprecated as an API. See https://setuptools.pypa.io/en/latest/pkg_resources.html
  from pkg_resources import working_set
/ddn/smcelroy97/miniconda3/envs/netpyne_sm/bin/nrniv:10: DeprecationWarning: pkg_resources is deprecated as an API. See https://setuptools.pypa.io/en/latest/pkg_resources.html
  from pkg_resources import working_set
/ddn/smcelroy97/miniconda3/envs/netpyne_sm/bin/nrniv:10: DeprecationWarning: pkg_resources is deprecated as an API. See https://setuptools.pypa.io/en/latest/pkg_resources.html
  from pkg_resources import working_set
/ddn/smcelroy97/miniconda3/envs/netpyne_sm/bin/nrniv:10: DeprecationWarning: pkg_resources is deprecated as an API. See https://setuptools.pypa.io/en/latest/pkg_resources.html
  from pkg_resources import working_set
/ddn/smcelroy97/miniconda3/envs/netpyne_sm/bin/nrniv:10: DeprecationWarning: pkg_resources is deprecated as an API. See https://setuptools.pypa.io/en/latest/pkg_resources.html
  from pkg_resources import working_set
/ddn/smcelroy97/miniconda3/envs/netpyne_sm/bin/nrniv:10: DeprecationWarning: pkg_resources is deprecated as an API. See https://setuptools.pypa.io/en/latest/pkg_resources.html
  from pkg_resources import working_set
/ddn/smcelroy97/miniconda3/envs/netpyne_sm/bin/nrniv:10: DeprecationWarning: pkg_resources is deprecated as an API. See https://setuptools.pypa.io/en/latest/pkg_resources.html
  from pkg_resources import working_set
/ddn/smcelroy97/miniconda3/envs/netpyne_sm/bin/nrniv:10: DeprecationWarning: pkg_resources is deprecated as an API. See https://setuptools.pypa.io/en/latest/pkg_resources.html
  from pkg_resources import working_set
/ddn/smcelroy97/miniconda3/envs/netpyne_sm/bin/nrniv:10: DeprecationWarning: pkg_resources is deprecated as an API. See https://setuptools.pypa.io/en/latest/pkg_resources.html
  from pkg_resources import working_set
/ddn/smcelroy97/miniconda3/envs/netpyne_sm/bin/nrniv:10: DeprecationWarning: pkg_resources is deprecated as an API. See https://setuptools.pypa.io/en/latest/pkg_resources.html
  from pkg_resources import working_set
/ddn/smcelroy97/miniconda3/envs/netpyne_sm/bin/nrniv:10: DeprecationWarning: pkg_resources is deprecated as an API. See https://setuptools.pypa.io/en/latest/pkg_resources.html
  from pkg_resources import working_set
/ddn/smcelroy97/miniconda3/envs/netpyne_sm/bin/nrniv:10: DeprecationWarning: pkg_resources is deprecated as an API. See https://setuptools.pypa.io/en/latest/pkg_resources.html
  from pkg_resources import working_set
/ddn/smcelroy97/miniconda3/envs/netpyne_sm/bin/nrniv:10: DeprecationWarning: pkg_resources is deprecated as an API. See https://setuptools.pypa.io/en/latest/pkg_resources.html
  from pkg_resources import working_set
/ddn/smcelroy97/miniconda3/envs/netpyne_sm/bin/nrniv:10: DeprecationWarning: pkg_resources is deprecated as an API. See https://setuptools.pypa.io/en/latest/pkg_resources.html
  from pkg_resources import working_set
/ddn/smcelroy97/miniconda3/envs/netpyne_sm/bin/nrniv:10: DeprecationWarning: pkg_resources is deprecated as an API. See https://setuptools.pypa.io/en/latest/pkg_resources.html
  from pkg_resources import working_set
/ddn/smcelroy97/miniconda3/envs/netpyne_sm/bin/nrniv:10: DeprecationWarning: pkg_resources is deprecated as an API. See https://setuptools.pypa.io/en/latest/pkg_resources.html
  from pkg_resources import working_set
/ddn/smcelroy97/miniconda3/envs/netpyne_sm/bin/nrniv:10: DeprecationWarning: pkg_resources is deprecated as an API. See https://setuptools.pypa.io/en/latest/pkg_resources.html
  from pkg_resources import working_set
/ddn/smcelroy97/miniconda3/envs/netpyne_sm/bin/nrniv:10: DeprecationWarning: pkg_resources is deprecated as an API. See https://setuptools.pypa.io/en/latest/pkg_resources.html
  from pkg_resources import working_set
/ddn/smcelroy97/miniconda3/envs/netpyne_sm/bin/nrniv:10: DeprecationWarning: pkg_resources is deprecated as an API. See https://setuptools.pypa.io/en/latest/pkg_resources.html
  from pkg_resources import working_set
/ddn/smcelroy97/miniconda3/envs/netpyne_sm/bin/nrniv:10: DeprecationWarning: pkg_resources is deprecated as an API. See https://setuptools.pypa.io/en/latest/pkg_resources.html
  from pkg_resources import working_set
/ddn/smcelroy97/miniconda3/envs/netpyne_sm/bin/nrniv:10: DeprecationWarning: pkg_resources is deprecated as an API. See https://setuptools.pypa.io/en/latest/pkg_resources.html
  from pkg_resources import working_set
/ddn/smcelroy97/miniconda3/envs/netpyne_sm/bin/nrniv:10: DeprecationWarning: pkg_resources is deprecated as an API. See https://setuptools.pypa.io/en/latest/pkg_resources.html
  from pkg_resources import working_set
/ddn/smcelroy97/miniconda3/envs/netpyne_sm/bin/nrniv:10: DeprecationWarning: pkg_resources is deprecated as an API. See https://setuptools.pypa.io/en/latest/pkg_resources.html
  from pkg_resources import working_set
/ddn/smcelroy97/miniconda3/envs/netpyne_sm/bin/nrniv:10: DeprecationWarning: pkg_resources is deprecated as an API. See https://setuptools.pypa.io/en/latest/pkg_resources.html
  from pkg_resources import working_set
/ddn/smcelroy97/miniconda3/envs/netpyne_sm/bin/nrniv:10: DeprecationWarning: pkg_resources is deprecated as an API. See https://setuptools.pypa.io/en/latest/pkg_resources.html
  from pkg_resources import working_set
/ddn/smcelroy97/miniconda3/envs/netpyne_sm/bin/nrniv:10: DeprecationWarning: pkg_resources is deprecated as an API. See https://setuptools.pypa.io/en/latest/pkg_resources.html
  from pkg_resources import working_set
/ddn/smcelroy97/miniconda3/envs/netpyne_sm/bin/nrniv:10: DeprecationWarning: pkg_resources is deprecated as an API. See https://setuptools.pypa.io/en/latest/pkg_resources.html
  from pkg_resources import working_set
/ddn/smcelroy97/miniconda3/envs/netpyne_sm/bin/nrniv:10: DeprecationWarning: pkg_resources is deprecated as an API. See https://setuptools.pypa.io/en/latest/pkg_resources.html
  from pkg_resources import working_set
/ddn/smcelroy97/miniconda3/envs/netpyne_sm/bin/nrniv:10: DeprecationWarning: pkg_resources is deprecated as an API. See https://setuptools.pypa.io/en/latest/pkg_resources.html
  from pkg_resources import working_set
/ddn/smcelroy97/miniconda3/envs/netpyne_sm/bin/nrniv:10: DeprecationWarning: pkg_resources is deprecated as an API. See https://setuptools.pypa.io/en/latest/pkg_resources.html
  from pkg_resources import working_set
/ddn/smcelroy97/miniconda3/envs/netpyne_sm/bin/nrniv:10: DeprecationWarning: pkg_resources is deprecated as an API. See https://setuptools.pypa.io/en/latest/pkg_resources.html
  from pkg_resources import working_set
/ddn/smcelroy97/miniconda3/envs/netpyne_sm/bin/nrniv:10: DeprecationWarning: pkg_resources is deprecated as an API. See https://setuptools.pypa.io/en/latest/pkg_resources.html
  from pkg_resources import working_set
/ddn/smcelroy97/miniconda3/envs/netpyne_sm/bin/nrniv:10: DeprecationWarning: pkg_resources is deprecated as an API. See https://setuptools.pypa.io/en/latest/pkg_resources.html
  from pkg_resources import working_set
/ddn/smcelroy97/miniconda3/envs/netpyne_sm/bin/nrniv:10: DeprecationWarning: pkg_resources is deprecated as an API. See https://setuptools.pypa.io/en/latest/pkg_resources.html
  from pkg_resources import working_set
/ddn/smcelroy97/miniconda3/envs/netpyne_sm/bin/nrniv:10: DeprecationWarning: pkg_resources is deprecated as an API. See https://setuptools.pypa.io/en/latest/pkg_resources.html
  from pkg_resources import working_set
/ddn/smcelroy97/miniconda3/envs/netpyne_sm/bin/nrniv:10: DeprecationWarning: pkg_resources is deprecated as an API. See https://setuptools.pypa.io/en/latest/pkg_resources.html
  from pkg_resources import working_set
/ddn/smcelroy97/miniconda3/envs/netpyne_sm/bin/nrniv:10: DeprecationWarning: pkg_resources is deprecated as an API. See https://setuptools.pypa.io/en/latest/pkg_resources.html
  from pkg_resources import working_set
/ddn/smcelroy97/miniconda3/envs/netpyne_sm/bin/nrniv:10: DeprecationWarning: pkg_resources is deprecated as an API. See https://setuptools.pypa.io/en/latest/pkg_resources.html
  from pkg_resources import working_set
/ddn/smcelroy97/miniconda3/envs/netpyne_sm/bin/nrniv:10: DeprecationWarning: pkg_resources is deprecated as an API. See https://setuptools.pypa.io/en/latest/pkg_resources.html
  from pkg_resources import working_set
/ddn/smcelroy97/miniconda3/envs/netpyne_sm/bin/nrniv:10: DeprecationWarning: pkg_resources is deprecated as an API. See https://setuptools.pypa.io/en/latest/pkg_resources.html
  from pkg_resources import working_set
/ddn/smcelroy97/miniconda3/envs/netpyne_sm/bin/nrniv:10: DeprecationWarning: pkg_resources is deprecated as an API. See https://setuptools.pypa.io/en/latest/pkg_resources.html
  from pkg_resources import working_set
/ddn/smcelroy97/miniconda3/envs/netpyne_sm/bin/nrniv:10: DeprecationWarning: pkg_resources is deprecated as an API. See https://setuptools.pypa.io/en/latest/pkg_resources.html
  from pkg_resources import working_set
/ddn/smcelroy97/miniconda3/envs/netpyne_sm/bin/nrniv:10: DeprecationWarning: pkg_resources is deprecated as an API. See https://setuptools.pypa.io/en/latest/pkg_resources.html
  from pkg_resources import working_set
/ddn/smcelroy97/miniconda3/envs/netpyne_sm/bin/nrniv:10: DeprecationWarning: pkg_resources is deprecated as an API. See https://setuptools.pypa.io/en/latest/pkg_resources.html
  from pkg_resources import working_set
/ddn/smcelroy97/miniconda3/envs/netpyne_sm/bin/nrniv:10: DeprecationWarning: pkg_resources is deprecated as an API. See https://setuptools.pypa.io/en/latest/pkg_resources.html
  from pkg_resources import working_set
/ddn/smcelroy97/miniconda3/envs/netpyne_sm/bin/nrniv:10: DeprecationWarning: pkg_resources is deprecated as an API. See https://setuptools.pypa.io/en/latest/pkg_resources.html
  from pkg_resources import working_set
/ddn/smcelroy97/miniconda3/envs/netpyne_sm/bin/nrniv:10: DeprecationWarning: pkg_resources is deprecated as an API. See https://setuptools.pypa.io/en/latest/pkg_resources.html
  from pkg_resources import working_set
/ddn/smcelroy97/miniconda3/envs/netpyne_sm/bin/nrniv:10: DeprecationWarning: pkg_resources is deprecated as an API. See https://setuptools.pypa.io/en/latest/pkg_resources.html
  from pkg_resources import working_set
/ddn/smcelroy97/miniconda3/envs/netpyne_sm/bin/nrniv:10: DeprecationWarning: pkg_resources is deprecated as an API. See https://setuptools.pypa.io/en/latest/pkg_resources.html
  from pkg_resources import working_set
/ddn/smcelroy97/miniconda3/envs/netpyne_sm/bin/nrniv:10: DeprecationWarning: pkg_resources is deprecated as an API. See https://setuptools.pypa.io/en/latest/pkg_resources.html
  from pkg_resources import working_set
/ddn/smcelroy97/miniconda3/envs/netpyne_sm/bin/nrniv:10: DeprecationWarning: pkg_resources is deprecated as an API. See https://setuptools.pypa.io/en/latest/pkg_resources.html
  from pkg_resources import working_set
/ddn/smcelroy97/miniconda3/envs/netpyne_sm/bin/nrniv:10: DeprecationWarning: pkg_resources is deprecated as an API. See https://setuptools.pypa.io/en/latest/pkg_resources.html
  from pkg_resources import working_set
/ddn/smcelroy97/miniconda3/envs/netpyne_sm/bin/nrniv:10: DeprecationWarning: pkg_resources is deprecated as an API. See https://setuptools.pypa.io/en/latest/pkg_resources.html
  from pkg_resources import working_set
/ddn/smcelroy97/miniconda3/envs/netpyne_sm/bin/nrniv:10: DeprecationWarning: pkg_resources is deprecated as an API. See https://setuptools.pypa.io/en/latest/pkg_resources.html
  from pkg_resources import working_set
/ddn/smcelroy97/miniconda3/envs/netpyne_sm/bin/nrniv:10: DeprecationWarning: pkg_resources is deprecated as an API. See https://setuptools.pypa.io/en/latest/pkg_resources.html
  from pkg_resources import working_set
/ddn/smcelroy97/miniconda3/envs/netpyne_sm/bin/nrniv:10: DeprecationWarning: pkg_resources is deprecated as an API. See https://setuptools.pypa.io/en/latest/pkg_resources.html
  from pkg_resources import working_set
/ddn/smcelroy97/miniconda3/envs/netpyne_sm/bin/nrniv:10: DeprecationWarning: pkg_resources is deprecated as an API. See https://setuptools.pypa.io/en/latest/pkg_resources.html
  from pkg_resources import working_set
/ddn/smcelroy97/miniconda3/envs/netpyne_sm/bin/nrniv:10: DeprecationWarning: pkg_resources is deprecated as an API. See https://setuptools.pypa.io/en/latest/pkg_resources.html
  from pkg_resources import working_set
/ddn/smcelroy97/miniconda3/envs/netpyne_sm/bin/nrniv:10: DeprecationWarning: pkg_resources is deprecated as an API. See https://setuptools.pypa.io/en/latest/pkg_resources.html
  from pkg_resources import working_set
/ddn/smcelroy97/miniconda3/envs/netpyne_sm/bin/nrniv:10: DeprecationWarning: pkg_resources is deprecated as an API. See https://setuptools.pypa.io/en/latest/pkg_resources.html
  from pkg_resources import working_set
/ddn/smcelroy97/miniconda3/envs/netpyne_sm/bin/nrniv:10: DeprecationWarning: pkg_resources is deprecated as an API. See https://setuptools.pypa.io/en/latest/pkg_resources.html
  from pkg_resources import working_set
/ddn/smcelroy97/miniconda3/envs/netpyne_sm/bin/nrniv:10: DeprecationWarning: pkg_resources is deprecated as an API. See https://setuptools.pypa.io/en/latest/pkg_resources.html
  from pkg_resources import working_set
/ddn/smcelroy97/miniconda3/envs/netpyne_sm/bin/nrniv:10: DeprecationWarning: pkg_resources is deprecated as an API. See https://setuptools.pypa.io/en/latest/pkg_resources.html
  from pkg_resources import working_set
/ddn/smcelroy97/miniconda3/envs/netpyne_sm/bin/nrniv:10: DeprecationWarning: pkg_resources is deprecated as an API. See https://setuptools.pypa.io/en/latest/pkg_resources.html
  from pkg_resources import working_set
/ddn/smcelroy97/miniconda3/envs/netpyne_sm/bin/nrniv:10: DeprecationWarning: pkg_resources is deprecated as an API. See https://setuptools.pypa.io/en/latest/pkg_resources.html
  from pkg_resources import working_set
/ddn/smcelroy97/miniconda3/envs/netpyne_sm/bin/nrniv:10: DeprecationWarning: pkg_resources is deprecated as an API. See https://setuptools.pypa.io/en/latest/pkg_resources.html
  from pkg_resources import working_set
/ddn/smcelroy97/miniconda3/envs/netpyne_sm/bin/nrniv:10: DeprecationWarning: pkg_resources is deprecated as an API. See https://setuptools.pypa.io/en/latest/pkg_resources.html
  from pkg_resources import working_set
/ddn/smcelroy97/miniconda3/envs/netpyne_sm/bin/nrniv:10: DeprecationWarning: pkg_resources is deprecated as an API. See https://setuptools.pypa.io/en/latest/pkg_resources.html
  from pkg_resources import working_set
/ddn/smcelroy97/miniconda3/envs/netpyne_sm/bin/nrniv:10: DeprecationWarning: pkg_resources is deprecated as an API. See https://setuptools.pypa.io/en/latest/pkg_resources.html
  from pkg_resources import working_set
/ddn/smcelroy97/miniconda3/envs/netpyne_sm/bin/nrniv:10: DeprecationWarning: pkg_resources is deprecated as an API. See https://setuptools.pypa.io/en/latest/pkg_resources.html
  from pkg_resources import working_set
/ddn/smcelroy97/miniconda3/envs/netpyne_sm/bin/nrniv:10: DeprecationWarning: pkg_resources is deprecated as an API. See https://setuptools.pypa.io/en/latest/pkg_resources.html
  from pkg_resources import working_set
/ddn/smcelroy97/miniconda3/envs/netpyne_sm/bin/nrniv:10: DeprecationWarning: pkg_resources is deprecated as an API. See https://setuptools.pypa.io/en/latest/pkg_resources.html
  from pkg_resources import working_set
/ddn/smcelroy97/miniconda3/envs/netpyne_sm/bin/nrniv:10: DeprecationWarning: pkg_resources is deprecated as an API. See https://setuptools.pypa.io/en/latest/pkg_resources.html
  from pkg_resources import working_set
/ddn/smcelroy97/miniconda3/envs/netpyne_sm/bin/nrniv:10: DeprecationWarning: pkg_resources is deprecated as an API. See https://setuptools.pypa.io/en/latest/pkg_resources.html
  from pkg_resources import working_set
/ddn/smcelroy97/miniconda3/envs/netpyne_sm/bin/nrniv:10: DeprecationWarning: pkg_resources is deprecated as an API. See https://setuptools.pypa.io/en/latest/pkg_resources.html
  from pkg_resources import working_set
/ddn/smcelroy97/miniconda3/envs/netpyne_sm/bin/nrniv:10: DeprecationWarning: pkg_resources is deprecated as an API. See https://setuptools.pypa.io/en/latest/pkg_resources.html
  from pkg_resources import working_set
/ddn/smcelroy97/miniconda3/envs/netpyne_sm/bin/nrniv:10: DeprecationWarning: pkg_resources is deprecated as an API. See https://setuptools.pypa.io/en/latest/pkg_resources.html
  from pkg_resources import working_set
/ddn/smcelroy97/miniconda3/envs/netpyne_sm/bin/nrniv:10: DeprecationWarning: pkg_resources is deprecated as an API. See https://setuptools.pypa.io/en/latest/pkg_resources.html
  from pkg_resources import working_set
numprocs=44
NEURON -- VERSION 8.2.3 HEAD (f0ed37010) 2023-09-14
Duke, Yale, and the BlueBrain Project -- Copyright 1984-2022
See http://neuron.yale.edu/neuron/credits

Additional mechanisms from files
 "mod/APCounter2.mod" "mod/ar_traub.mod" "mod/beforestep_py.mod" "mod/CA1ika.mod" "mod/CA1ikdr.mod" "mod/CA1ina.mod" "mod/cadad.mod" "mod/cadecay_destexhe.mod" "mod/cad.mod" "mod/Cadynamics.mod" "mod/cadyn.mod" "mod/cagk.mod" "mod/cal_mh.mod" "mod/cal_mig.mod" "mod/cancr.mod" "mod/canin.mod" "mod/can_mig.mod" "mod/caolmw.mod" "mod/capr.mod" "mod/catcb.mod" "mod/cat_mig.mod" "mod/cat_traub.mod" "mod/ch_CavL.mod" "mod/ch_CavN.mod" "mod/ch_KCaS.mod" "mod/ch_Kdrfastngf.mod" "mod/ch_KvAngf.mod" "mod/ch_KvCaB.mod" "mod/ch_leak.mod" "mod/ch_Navngf.mod" "mod/ConductanceSource.mod" "mod/cp2.mod" "mod/cp.mod" "mod/DynamicNetStim.mod" "mod/gabab.mod" "mod/h_BS.mod" "mod/HH2.mod" "mod/h_harnett.mod" "mod/HH_traub.mod" "mod/hin.mod" "mod/h_kole.mod" "mod/h_migliore.mod" "mod/htc.mod" "mod/Iahp.mod" "mod/ICal.mod" "mod/Ican.mod" "mod/ican_sidi.mod" "mod/icaolmw.mod" "mod/icapr.mod" "mod/iccr.mod" "mod/IC.mod" "mod/iconc_Ca.mod" "mod/iholmkop.mod" "mod/iholmw.mod" "mod/ihpyrkop.mod" "mod/IKM.mod" "mod/ikscr.mod" "mod/IKsin.mod" "mod/IL_gutnick.mod" "mod/IL.mod" "mod/IM_cortex.mod" "mod/ipulse3.mod" "mod/IT2.mod" "mod/IT.mod" "mod/kahppr.mod" "mod/kaolmkop.mod" "mod/kap_BS.mod" "mod/kapcb.mod" "mod/kapin.mod" "mod/kapyrkop.mod" "mod/kBK.mod" "mod/kca.mod" "mod/kcaolmw.mod" "mod/kcpr.mod" "mod/kctin.mod" "mod/kdmc_BS.mod" "mod/kdr2_orig.mod" "mod/kdr_BS.mod" "mod/kdrbwb.mod" "mod/kdrcr.mod" "mod/kdrin.mod" "mod/kdrolmkop.mod" "mod/kdrpr.mod" "mod/kdrpyrkop.mod" "mod/kl.mod" "mod/km.mod" "mod/kv.mod" "mod/MyExp2SynAlpha.mod" "mod/MyExp2SynBB.mod" "mod/my_exp2syn.mod" "mod/MyExp2SynNMDABB.mod" "mod/na_2.mod" "mod/naf2.mod" "mod/nafbwb.mod" "mod/nafcr.mod" "mod/nafolmkop.mod" "mod/nafpr.mod" "mod/nafpyrkop.mod" "mod/nafx.mod" "mod/nap_sidi.mod" "mod/nax_BS.mod" "mod/naz.mod" "mod/Nca.mod" "mod/ntIh.mod" "mod/ntleak.mod" "mod/ntt_int.mod" "mod/ntt.mod" "mod/pasi.mod" "mod/savedist.mod" "mod/tia.mod" "mod/vecstim.mod"
wiring ctx
popName 	 resting_potential 	 input_resistance 	 holding_current
NGF1 	              -62.600 	              396.750 	               -0.031
PV2 	              -74.050 	              140.530 	               -0.007
SOM2 	              -64.880 	              234.530 	               -0.043
VIP2 	              -70.100 	              227.550 	               -0.022
NGF2 	              -62.600 	              396.750 	               -0.031
PV3 	              -74.050 	              140.530 	               -0.007
SOM3 	              -64.880 	              234.530 	               -0.043
VIP3 	              -70.100 	              227.550 	               -0.022
NGF3 	              -62.600 	              396.750 	               -0.031
PV4 	              -74.050 	              140.530 	               -0.007
SOM4 	              -64.880 	              234.530 	               -0.043
VIP4 	              -70.100 	              227.550 	               -0.022
NGF4 	              -62.600 	              396.750 	               -0.031
PV5A 	              -74.050 	              140.530 	               -0.007
SOM5A 	              -64.880 	              234.530 	               -0.043
VIP5A 	              -70.100 	              227.550 	               -0.022
NGF5A 	              -62.600 	              396.750 	               -0.031
PV5B 	              -74.050 	              140.530 	               -0.007
SOM5B 	              -64.880 	              234.530 	               -0.043
VIP5B 	              -70.100 	              227.550 	               -0.022
NGF5B 	              -62.600 	              396.750 	               -0.031
PV6 	              -74.050 	              140.530 	               -0.007
SOM6 	              -64.880 	              234.530 	               -0.043
VIP6 	              -70.100 	              227.550 	               -0.022
NGF6 	              -62.600 	              396.750 	               -0.031
IT2 	              -85.770 	               87.130 	                0.124
IT3 	              -85.670 	               75.960 	                0.140
ITP4 	              -85.860 	               76.210 	                0.143
ITS4 	              -85.390 	              197.720 	                0.053
IT5A 	              -81.190 	              115.390 	                0.054
CT5A 	              -86.040 	               57.610 	                0.192
IT5B 	              -81.140 	              107.410 	                0.057
CT5B 	              -86.040 	               57.610 	                0.192
PT5B 	              -80.430 	               71.290 	                0.076
IT6 	              -80.500 	              111.440 	                0.049
CT6 	              -86.040 	               57.610 	                0.192

Start time:  2025-07-21 16:52:12.150906


Creating network of 43 cell populations on 44 hosts...:   0%|          |[A

Creating network of 43 cell populations on 44 hosts...:  16%|#6        |[A

Creating network of 43 cell populations on 44 hosts...:  33%|###2      |[A

Creating network of 43 cell populations on 44 hosts...:  77%|#######6  |[A
Creating network of 43 cell populations on 44 hosts...: 100%|##########|

===================================================================================
=   BAD TERMINATION OF ONE OF YOUR APPLICATION PROCESSES
=   PID 3106954 RUNNING AT node02
=   EXIT CODE: 139
=   CLEANING UP REMAINING PROCESSES
=   YOU CAN IGNORE THE BELOW CLEANUP MESSAGES
===================================================================================
YOUR APPLICATION TERMINATED WITH THE EXIT STRING: Segmentation fault (signal 11)
This typically refers to a problem with your application.
Please see the FAQ page for debugging suggestions
/ddn/smcelroy97/miniconda3/envs/netpyne_sm/bin/nrniv:10: DeprecationWarning: pkg_resources is deprecated as an API. See https://setuptools.pypa.io/en/latest/pkg_resources.html
  from pkg_resources import working_set
/ddn/smcelroy97/miniconda3/envs/netpyne_sm/bin/nrniv:10: DeprecationWarning: pkg_resources is deprecated as an API. See https://setuptools.pypa.io/en/latest/pkg_resources.html
  from pkg_resources import working_set
/ddn/smcelroy97/miniconda3/envs/netpyne_sm/bin/nrniv:10: DeprecationWarning: pkg_resources is deprecated as an API. See https://setuptools.pypa.io/en/latest/pkg_resources.html
  from pkg_resources import working_set
/ddn/smcelroy97/miniconda3/envs/netpyne_sm/bin/nrniv:10: DeprecationWarning: pkg_resources is deprecated as an API. See https://setuptools.pypa.io/en/latest/pkg_resources.html
  from pkg_resources import working_set
/ddn/smcelroy97/miniconda3/envs/netpyne_sm/bin/nrniv:10: DeprecationWarning: pkg_resources is deprecated as an API. See https://setuptools.pypa.io/en/latest/pkg_resources.html
  from pkg_resources import working_set
/ddn/smcelroy97/miniconda3/envs/netpyne_sm/bin/nrniv:10: DeprecationWarning: pkg_resources is deprecated as an API. See https://setuptools.pypa.io/en/latest/pkg_resources.html
  from pkg_resources import working_set
/ddn/smcelroy97/miniconda3/envs/netpyne_sm/bin/nrniv:10: DeprecationWarning: pkg_resources is deprecated as an API. See https://setuptools.pypa.io/en/latest/pkg_resources.html
  from pkg_resources import working_set
/ddn/smcelroy97/miniconda3/envs/netpyne_sm/bin/nrniv:10: DeprecationWarning: pkg_resources is deprecated as an API. See https://setuptools.pypa.io/en/latest/pkg_resources.html
  from pkg_resources import working_set
/ddn/smcelroy97/miniconda3/envs/netpyne_sm/bin/nrniv:10: DeprecationWarning: pkg_resources is deprecated as an API. See https://setuptools.pypa.io/en/latest/pkg_resources.html
  from pkg_resources import working_set
/ddn/smcelroy97/miniconda3/envs/netpyne_sm/bin/nrniv:10: DeprecationWarning: pkg_resources is deprecated as an API. See https://setuptools.pypa.io/en/latest/pkg_resources.html
  from pkg_resources import working_set
/ddn/smcelroy97/miniconda3/envs/netpyne_sm/bin/nrniv:10: DeprecationWarning: pkg_resources is deprecated as an API. See https://setuptools.pypa.io/en/latest/pkg_resources.html
  from pkg_resources import working_set
/ddn/smcelroy97/miniconda3/envs/netpyne_sm/bin/nrniv:10: DeprecationWarning: pkg_resources is deprecated as an API. See https://setuptools.pypa.io/en/latest/pkg_resources.html
  from pkg_resources import working_set
/ddn/smcelroy97/miniconda3/envs/netpyne_sm/bin/nrniv:10: DeprecationWarning: pkg_resources is deprecated as an API. See https://setuptools.pypa.io/en/latest/pkg_resources.html
  from pkg_resources import working_set
/ddn/smcelroy97/miniconda3/envs/netpyne_sm/bin/nrniv:10: DeprecationWarning: pkg_resources is deprecated as an API. See https://setuptools.pypa.io/en/latest/pkg_resources.html
  from pkg_resources import working_set
/ddn/smcelroy97/miniconda3/envs/netpyne_sm/bin/nrniv:10: DeprecationWarning: pkg_resources is deprecated as an API. See https://setuptools.pypa.io/en/latest/pkg_resources.html
  from pkg_resources import working_set
/ddn/smcelroy97/miniconda3/envs/netpyne_sm/bin/nrniv:10: DeprecationWarning: pkg_resources is deprecated as an API. See https://setuptools.pypa.io/en/latest/pkg_resources.html
  from pkg_resources import working_set
/ddn/smcelroy97/miniconda3/envs/netpyne_sm/bin/nrniv:10: DeprecationWarning: pkg_resources is deprecated as an API. See https://setuptools.pypa.io/en/latest/pkg_resources.html
  from pkg_resources import working_set
/ddn/smcelroy97/miniconda3/envs/netpyne_sm/bin/nrniv:10: DeprecationWarning: pkg_resources is deprecated as an API. See https://setuptools.pypa.io/en/latest/pkg_resources.html
  from pkg_resources import working_set
/ddn/smcelroy97/miniconda3/envs/netpyne_sm/bin/nrniv:10: DeprecationWarning: pkg_resources is deprecated as an API. See https://setuptools.pypa.io/en/latest/pkg_resources.html
  from pkg_resources import working_set
/ddn/smcelroy97/miniconda3/envs/netpyne_sm/bin/nrniv:10: DeprecationWarning: pkg_resources is deprecated as an API. See https://setuptools.pypa.io/en/latest/pkg_resources.html
  from pkg_resources import working_set
/ddn/smcelroy97/miniconda3/envs/netpyne_sm/bin/nrniv:10: DeprecationWarning: pkg_resources is deprecated as an API. See https://setuptools.pypa.io/en/latest/pkg_resources.html
  from pkg_resources import working_set
/ddn/smcelroy97/miniconda3/envs/netpyne_sm/bin/nrniv:10: DeprecationWarning: pkg_resources is deprecated as an API. See https://setuptools.pypa.io/en/latest/pkg_resources.html
  from pkg_resources import working_set
/ddn/smcelroy97/miniconda3/envs/netpyne_sm/bin/nrniv:10: DeprecationWarning: pkg_resources is deprecated as an API. See https://setuptools.pypa.io/en/latest/pkg_resources.html
  from pkg_resources import working_set
/ddn/smcelroy97/miniconda3/envs/netpyne_sm/bin/nrniv:10: DeprecationWarning: pkg_resources is deprecated as an API. See https://setuptools.pypa.io/en/latest/pkg_resources.html
  from pkg_resources import working_set
/ddn/smcelroy97/miniconda3/envs/netpyne_sm/bin/nrniv:10: DeprecationWarning: pkg_resources is deprecated as an API. See https://setuptools.pypa.io/en/latest/pkg_resources.html
  from pkg_resources import working_set
/ddn/smcelroy97/miniconda3/envs/netpyne_sm/bin/nrniv:10: DeprecationWarning: pkg_resources is deprecated as an API. See https://setuptools.pypa.io/en/latest/pkg_resources.html
  from pkg_resources import working_set
/ddn/smcelroy97/miniconda3/envs/netpyne_sm/bin/nrniv:10: DeprecationWarning: pkg_resources is deprecated as an API. See https://setuptools.pypa.io/en/latest/pkg_resources.html
  from pkg_resources import working_set
/ddn/smcelroy97/miniconda3/envs/netpyne_sm/bin/nrniv:10: DeprecationWarning: pkg_resources is deprecated as an API. See https://setuptools.pypa.io/en/latest/pkg_resources.html
  from pkg_resources import working_set
/ddn/smcelroy97/miniconda3/envs/netpyne_sm/bin/nrniv:10: DeprecationWarning: pkg_resources is deprecated as an API. See https://setuptools.pypa.io/en/latest/pkg_resources.html
  from pkg_resources import working_set
/ddn/smcelroy97/miniconda3/envs/netpyne_sm/bin/nrniv:10: DeprecationWarning: pkg_resources is deprecated as an API. See https://setuptools.pypa.io/en/latest/pkg_resources.html
  from pkg_resources import working_set
/ddn/smcelroy97/miniconda3/envs/netpyne_sm/bin/nrniv:10: DeprecationWarning: pkg_resources is deprecated as an API. See https://setuptools.pypa.io/en/latest/pkg_resources.html
  from pkg_resources import working_set
/ddn/smcelroy97/miniconda3/envs/netpyne_sm/bin/nrniv:10: DeprecationWarning: pkg_resources is deprecated as an API. See https://setuptools.pypa.io/en/latest/pkg_resources.html
  from pkg_resources import working_set
/ddn/smcelroy97/miniconda3/envs/netpyne_sm/bin/nrniv:10: DeprecationWarning: pkg_resources is deprecated as an API. See https://setuptools.pypa.io/en/latest/pkg_resources.html
  from pkg_resources import working_set
/ddn/smcelroy97/miniconda3/envs/netpyne_sm/bin/nrniv:10: DeprecationWarning: pkg_resources is deprecated as an API. See https://setuptools.pypa.io/en/latest/pkg_resources.html
  from pkg_resources import working_set
/ddn/smcelroy97/miniconda3/envs/netpyne_sm/bin/nrniv:10: DeprecationWarning: pkg_resources is deprecated as an API. See https://setuptools.pypa.io/en/latest/pkg_resources.html
  from pkg_resources import working_set
/ddn/smcelroy97/miniconda3/envs/netpyne_sm/bin/nrniv:10: DeprecationWarning: pkg_resources is deprecated as an API. See https://setuptools.pypa.io/en/latest/pkg_resources.html
  from pkg_resources import working_set
/ddn/smcelroy97/miniconda3/envs/netpyne_sm/bin/nrniv:10: DeprecationWarning: pkg_resources is deprecated as an API. See https://setuptools.pypa.io/en/latest/pkg_resources.html
  from pkg_resources import working_set
/ddn/smcelroy97/miniconda3/envs/netpyne_sm/bin/nrniv:10: DeprecationWarning: pkg_resources is deprecated as an API. See https://setuptools.pypa.io/en/latest/pkg_resources.html
  from pkg_resources import working_set
/ddn/smcelroy97/miniconda3/envs/netpyne_sm/bin/nrniv:10: DeprecationWarning: pkg_resources is deprecated as an API. See https://setuptools.pypa.io/en/latest/pkg_resources.html
  from pkg_resources import working_set
/ddn/smcelroy97/miniconda3/envs/netpyne_sm/bin/nrniv:10: DeprecationWarning: pkg_resources is deprecated as an API. See https://setuptools.pypa.io/en/latest/pkg_resources.html
  from pkg_resources import working_set
/ddn/smcelroy97/miniconda3/envs/netpyne_sm/bin/nrniv:10: DeprecationWarning: pkg_resources is deprecated as an API. See https://setuptools.pypa.io/en/latest/pkg_resources.html
  from pkg_resources import working_set
/ddn/smcelroy97/miniconda3/envs/netpyne_sm/bin/nrniv:10: DeprecationWarning: pkg_resources is deprecated as an API. See https://setuptools.pypa.io/en/latest/pkg_resources.html
  from pkg_resources import working_set
/ddn/smcelroy97/miniconda3/envs/netpyne_sm/bin/nrniv:10: DeprecationWarning: pkg_resources is deprecated as an API. See https://setuptools.pypa.io/en/latest/pkg_resources.html
  from pkg_resources import working_set
/ddn/smcelroy97/miniconda3/envs/netpyne_sm/bin/nrniv:10: DeprecationWarning: pkg_resources is deprecated as an API. See https://setuptools.pypa.io/en/latest/pkg_resources.html
  from pkg_resources import working_set
numprocs=44
NEURON -- VERSION 8.2.3 HEAD (f0ed37010) 2023-09-14
Duke, Yale, and the BlueBrain Project -- Copyright 1984-2022
See http://neuron.yale.edu/neuron/credits

Additional mechanisms from files
 "mod/APCounter2.mod" "mod/ar_traub.mod" "mod/beforestep_py.mod" "mod/CA1ika.mod" "mod/CA1ikdr.mod" "mod/CA1ina.mod" "mod/cadad.mod" "mod/cadecay_destexhe.mod" "mod/cad.mod" "mod/Cadynamics.mod" "mod/cadyn.mod" "mod/cagk.mod" "mod/cal_mh.mod" "mod/cal_mig.mod" "mod/cancr.mod" "mod/canin.mod" "mod/can_mig.mod" "mod/caolmw.mod" "mod/capr.mod" "mod/catcb.mod" "mod/cat_mig.mod" "mod/cat_traub.mod" "mod/ch_CavL.mod" "mod/ch_CavN.mod" "mod/ch_KCaS.mod" "mod/ch_Kdrfastngf.mod" "mod/ch_KvAngf.mod" "mod/ch_KvCaB.mod" "mod/ch_leak.mod" "mod/ch_Navngf.mod" "mod/ConductanceSource.mod" "mod/cp2.mod" "mod/cp.mod" "mod/DynamicNetStim.mod" "mod/gabab.mod" "mod/h_BS.mod" "mod/HH2.mod" "mod/h_harnett.mod" "mod/HH_traub.mod" "mod/hin.mod" "mod/h_kole.mod" "mod/h_migliore.mod" "mod/htc.mod" "mod/Iahp.mod" "mod/ICal.mod" "mod/Ican.mod" "mod/ican_sidi.mod" "mod/icaolmw.mod" "mod/icapr.mod" "mod/iccr.mod" "mod/IC.mod" "mod/iconc_Ca.mod" "mod/iholmkop.mod" "mod/iholmw.mod" "mod/ihpyrkop.mod" "mod/IKM.mod" "mod/ikscr.mod" "mod/IKsin.mod" "mod/IL_gutnick.mod" "mod/IL.mod" "mod/IM_cortex.mod" "mod/ipulse3.mod" "mod/IT2.mod" "mod/IT.mod" "mod/kahppr.mod" "mod/kaolmkop.mod" "mod/kap_BS.mod" "mod/kapcb.mod" "mod/kapin.mod" "mod/kapyrkop.mod" "mod/kBK.mod" "mod/kca.mod" "mod/kcaolmw.mod" "mod/kcpr.mod" "mod/kctin.mod" "mod/kdmc_BS.mod" "mod/kdr2_orig.mod" "mod/kdr_BS.mod" "mod/kdrbwb.mod" "mod/kdrcr.mod" "mod/kdrin.mod" "mod/kdrolmkop.mod" "mod/kdrpr.mod" "mod/kdrpyrkop.mod" "mod/kl.mod" "mod/km.mod" "mod/kv.mod" "mod/MyExp2SynAlpha.mod" "mod/MyExp2SynBB.mod" "mod/my_exp2syn.mod" "mod/MyExp2SynNMDABB.mod" "mod/na_2.mod" "mod/naf2.mod" "mod/nafbwb.mod" "mod/nafcr.mod" "mod/nafolmkop.mod" "mod/nafpr.mod" "mod/nafpyrkop.mod" "mod/nafx.mod" "mod/nap_sidi.mod" "mod/nax_BS.mod" "mod/naz.mod" "mod/Nca.mod" "mod/ntIh.mod" "mod/ntleak.mod" "mod/ntt_int.mod" "mod/ntt.mod" "mod/pasi.mod" "mod/savedist.mod" "mod/tia.mod" "mod/vecstim.mod"
wiring ctx
popName 	 resting_potential 	 input_resistance 	 holding_current
NGF1 	              -62.600 	              396.750 	               -0.031
PV2 	              -74.050 	              140.530 	               -0.007
SOM2 	              -64.880 	              234.530 	               -0.043
VIP2 	              -70.100 	              227.550 	               -0.022
NGF2 	              -62.600 	              396.750 	               -0.031
PV3 	              -74.050 	              140.530 	               -0.007
SOM3 	              -64.880 	              234.530 	               -0.043
VIP3 	              -70.100 	              227.550 	               -0.022
NGF3 	              -62.600 	              396.750 	               -0.031
PV4 	              -74.050 	              140.530 	               -0.007
SOM4 	              -64.880 	              234.530 	               -0.043
VIP4 	              -70.100 	              227.550 	               -0.022
NGF4 	              -62.600 	              396.750 	               -0.031
PV5A 	              -74.050 	              140.530 	               -0.007
SOM5A 	              -64.880 	              234.530 	               -0.043
VIP5A 	              -70.100 	              227.550 	               -0.022
NGF5A 	              -62.600 	              396.750 	               -0.031
PV5B 	              -74.050 	              140.530 	               -0.007
SOM5B 	              -64.880 	              234.530 	               -0.043
VIP5B 	              -70.100 	              227.550 	               -0.022
NGF5B 	              -62.600 	              396.750 	               -0.031
PV6 	              -74.050 	              140.530 	               -0.007
SOM6 	              -64.880 	              234.530 	               -0.043
VIP6 	              -70.100 	              227.550 	               -0.022
NGF6 	              -62.600 	              396.750 	               -0.031
IT2 	              -85.770 	               87.130 	                0.124
IT3 	              -85.670 	               75.960 	                0.140
ITP4 	              -85.860 	               76.210 	                0.143
ITS4 	              -85.390 	              197.720 	                0.053
IT5A 	              -81.190 	              115.390 	                0.054
CT5A 	              -86.040 	               57.610 	                0.192
IT5B 	              -81.140 	              107.410 	                0.057
CT5B 	              -86.040 	               57.610 	                0.192
PT5B 	              -80.430 	               71.290 	                0.076
IT6 	              -80.500 	              111.440 	                0.049
CT6 	              -86.040 	               57.610 	                0.192

Start time:  2025-07-21 17:45:15.545148


Creating network of 43 cell populations on 44 hosts...:   0%|          |[A

Creating network of 43 cell populations on 44 hosts...:  19%|#8        |[A

Creating network of 43 cell populations on 44 hosts...:  58%|#####8    |[A

Creating network of 43 cell populations on 44 hosts...: 100%|##########|[A
Creating network of 43 cell populations on 44 hosts...: 100%|##########|

===================================================================================
=   BAD TERMINATION OF ONE OF YOUR APPLICATION PROCESSES
=   PID 2099135 RUNNING AT node14
=   EXIT CODE: 139
=   CLEANING UP REMAINING PROCESSES
=   YOU CAN IGNORE THE BELOW CLEANUP MESSAGES
===================================================================================
YOUR APPLICATION TERMINATED WITH THE EXIT STRING: Segmentation fault (signal 11)
This typically refers to a problem with your application.
Please see the FAQ page for debugging suggestions
/ddn/smcelroy97/miniconda3/envs/netpyne_sm/bin/nrniv:10: DeprecationWarning: pkg_resources is deprecated as an API. See https://setuptools.pypa.io/en/latest/pkg_resources.html
  from pkg_resources import working_set
/ddn/smcelroy97/miniconda3/envs/netpyne_sm/bin/nrniv:10: DeprecationWarning: pkg_resources is deprecated as an API. See https://setuptools.pypa.io/en/latest/pkg_resources.html
  from pkg_resources import working_set
/ddn/smcelroy97/miniconda3/envs/netpyne_sm/bin/nrniv:10: DeprecationWarning: pkg_resources is deprecated as an API. See https://setuptools.pypa.io/en/latest/pkg_resources.html
  from pkg_resources import working_set
/ddn/smcelroy97/miniconda3/envs/netpyne_sm/bin/nrniv:10: DeprecationWarning: pkg_resources is deprecated as an API. See https://setuptools.pypa.io/en/latest/pkg_resources.html
  from pkg_resources import working_set
/ddn/smcelroy97/miniconda3/envs/netpyne_sm/bin/nrniv:10: DeprecationWarning: pkg_resources is deprecated as an API. See https://setuptools.pypa.io/en/latest/pkg_resources.html
  from pkg_resources import working_set
/ddn/smcelroy97/miniconda3/envs/netpyne_sm/bin/nrniv:10: DeprecationWarning: pkg_resources is deprecated as an API. See https://setuptools.pypa.io/en/latest/pkg_resources.html
  from pkg_resources import working_set
/ddn/smcelroy97/miniconda3/envs/netpyne_sm/bin/nrniv:10: DeprecationWarning: pkg_resources is deprecated as an API. See https://setuptools.pypa.io/en/latest/pkg_resources.html
  from pkg_resources import working_set
/ddn/smcelroy97/miniconda3/envs/netpyne_sm/bin/nrniv:10: DeprecationWarning: pkg_resources is deprecated as an API. See https://setuptools.pypa.io/en/latest/pkg_resources.html
  from pkg_resources import working_set
/ddn/smcelroy97/miniconda3/envs/netpyne_sm/bin/nrniv:10: DeprecationWarning: pkg_resources is deprecated as an API. See https://setuptools.pypa.io/en/latest/pkg_resources.html
  from pkg_resources import working_set
/ddn/smcelroy97/miniconda3/envs/netpyne_sm/bin/nrniv:10: DeprecationWarning: pkg_resources is deprecated as an API. See https://setuptools.pypa.io/en/latest/pkg_resources.html
  from pkg_resources import working_set
/ddn/smcelroy97/miniconda3/envs/netpyne_sm/bin/nrniv:10: DeprecationWarning: pkg_resources is deprecated as an API. See https://setuptools.pypa.io/en/latest/pkg_resources.html
  from pkg_resources import working_set
/ddn/smcelroy97/miniconda3/envs/netpyne_sm/bin/nrniv:10: DeprecationWarning: pkg_resources is deprecated as an API. See https://setuptools.pypa.io/en/latest/pkg_resources.html
  from pkg_resources import working_set
/ddn/smcelroy97/miniconda3/envs/netpyne_sm/bin/nrniv:10: DeprecationWarning: pkg_resources is deprecated as an API. See https://setuptools.pypa.io/en/latest/pkg_resources.html
  from pkg_resources import working_set
/ddn/smcelroy97/miniconda3/envs/netpyne_sm/bin/nrniv:10: DeprecationWarning: pkg_resources is deprecated as an API. See https://setuptools.pypa.io/en/latest/pkg_resources.html
  from pkg_resources import working_set
/ddn/smcelroy97/miniconda3/envs/netpyne_sm/bin/nrniv:10: DeprecationWarning: pkg_resources is deprecated as an API. See https://setuptools.pypa.io/en/latest/pkg_resources.html
  from pkg_resources import working_set
/ddn/smcelroy97/miniconda3/envs/netpyne_sm/bin/nrniv:10: DeprecationWarning: pkg_resources is deprecated as an API. See https://setuptools.pypa.io/en/latest/pkg_resources.html
  from pkg_resources import working_set
/ddn/smcelroy97/miniconda3/envs/netpyne_sm/bin/nrniv:10: DeprecationWarning: pkg_resources is deprecated as an API. See https://setuptools.pypa.io/en/latest/pkg_resources.html
  from pkg_resources import working_set
/ddn/smcelroy97/miniconda3/envs/netpyne_sm/bin/nrniv:10: DeprecationWarning: pkg_resources is deprecated as an API. See https://setuptools.pypa.io/en/latest/pkg_resources.html
  from pkg_resources import working_set
/ddn/smcelroy97/miniconda3/envs/netpyne_sm/bin/nrniv:10: DeprecationWarning: pkg_resources is deprecated as an API. See https://setuptools.pypa.io/en/latest/pkg_resources.html
  from pkg_resources import working_set
/ddn/smcelroy97/miniconda3/envs/netpyne_sm/bin/nrniv:10: DeprecationWarning: pkg_resources is deprecated as an API. See https://setuptools.pypa.io/en/latest/pkg_resources.html
  from pkg_resources import working_set
/ddn/smcelroy97/miniconda3/envs/netpyne_sm/bin/nrniv:10: DeprecationWarning: pkg_resources is deprecated as an API. See https://setuptools.pypa.io/en/latest/pkg_resources.html
  from pkg_resources import working_set
/ddn/smcelroy97/miniconda3/envs/netpyne_sm/bin/nrniv:10: DeprecationWarning: pkg_resources is deprecated as an API. See https://setuptools.pypa.io/en/latest/pkg_resources.html
  from pkg_resources import working_set
/ddn/smcelroy97/miniconda3/envs/netpyne_sm/bin/nrniv:10: DeprecationWarning: pkg_resources is deprecated as an API. See https://setuptools.pypa.io/en/latest/pkg_resources.html
  from pkg_resources import working_set
/ddn/smcelroy97/miniconda3/envs/netpyne_sm/bin/nrniv:10: DeprecationWarning: pkg_resources is deprecated as an API. See https://setuptools.pypa.io/en/latest/pkg_resources.html
  from pkg_resources import working_set
/ddn/smcelroy97/miniconda3/envs/netpyne_sm/bin/nrniv:10: DeprecationWarning: pkg_resources is deprecated as an API. See https://setuptools.pypa.io/en/latest/pkg_resources.html
  from pkg_resources import working_set
/ddn/smcelroy97/miniconda3/envs/netpyne_sm/bin/nrniv:10: DeprecationWarning: pkg_resources is deprecated as an API. See https://setuptools.pypa.io/en/latest/pkg_resources.html
  from pkg_resources import working_set
/ddn/smcelroy97/miniconda3/envs/netpyne_sm/bin/nrniv:10: DeprecationWarning: pkg_resources is deprecated as an API. See https://setuptools.pypa.io/en/latest/pkg_resources.html
  from pkg_resources import working_set
/ddn/smcelroy97/miniconda3/envs/netpyne_sm/bin/nrniv:10: DeprecationWarning: pkg_resources is deprecated as an API. See https://setuptools.pypa.io/en/latest/pkg_resources.html
  from pkg_resources import working_set
/ddn/smcelroy97/miniconda3/envs/netpyne_sm/bin/nrniv:10: DeprecationWarning: pkg_resources is deprecated as an API. See https://setuptools.pypa.io/en/latest/pkg_resources.html
  from pkg_resources import working_set
/ddn/smcelroy97/miniconda3/envs/netpyne_sm/bin/nrniv:10: DeprecationWarning: pkg_resources is deprecated as an API. See https://setuptools.pypa.io/en/latest/pkg_resources.html
  from pkg_resources import working_set
/ddn/smcelroy97/miniconda3/envs/netpyne_sm/bin/nrniv:10: DeprecationWarning: pkg_resources is deprecated as an API. See https://setuptools.pypa.io/en/latest/pkg_resources.html
  from pkg_resources import working_set
/ddn/smcelroy97/miniconda3/envs/netpyne_sm/bin/nrniv:10: DeprecationWarning: pkg_resources is deprecated as an API. See https://setuptools.pypa.io/en/latest/pkg_resources.html
  from pkg_resources import working_set
/ddn/smcelroy97/miniconda3/envs/netpyne_sm/bin/nrniv:10: DeprecationWarning: pkg_resources is deprecated as an API. See https://setuptools.pypa.io/en/latest/pkg_resources.html
  from pkg_resources import working_set
/ddn/smcelroy97/miniconda3/envs/netpyne_sm/bin/nrniv:10: DeprecationWarning: pkg_resources is deprecated as an API. See https://setuptools.pypa.io/en/latest/pkg_resources.html
  from pkg_resources import working_set
/ddn/smcelroy97/miniconda3/envs/netpyne_sm/bin/nrniv:10: DeprecationWarning: pkg_resources is deprecated as an API. See https://setuptools.pypa.io/en/latest/pkg_resources.html
  from pkg_resources import working_set
/ddn/smcelroy97/miniconda3/envs/netpyne_sm/bin/nrniv:10: DeprecationWarning: pkg_resources is deprecated as an API. See https://setuptools.pypa.io/en/latest/pkg_resources.html
  from pkg_resources import working_set
/ddn/smcelroy97/miniconda3/envs/netpyne_sm/bin/nrniv:10: DeprecationWarning: pkg_resources is deprecated as an API. See https://setuptools.pypa.io/en/latest/pkg_resources.html
  from pkg_resources import working_set
/ddn/smcelroy97/miniconda3/envs/netpyne_sm/bin/nrniv:10: DeprecationWarning: pkg_resources is deprecated as an API. See https://setuptools.pypa.io/en/latest/pkg_resources.html
  from pkg_resources import working_set
/ddn/smcelroy97/miniconda3/envs/netpyne_sm/bin/nrniv:10: DeprecationWarning: pkg_resources is deprecated as an API. See https://setuptools.pypa.io/en/latest/pkg_resources.html
  from pkg_resources import working_set
/ddn/smcelroy97/miniconda3/envs/netpyne_sm/bin/nrniv:10: DeprecationWarning: pkg_resources is deprecated as an API. See https://setuptools.pypa.io/en/latest/pkg_resources.html
  from pkg_resources import working_set
/ddn/smcelroy97/miniconda3/envs/netpyne_sm/bin/nrniv:10: DeprecationWarning: pkg_resources is deprecated as an API. See https://setuptools.pypa.io/en/latest/pkg_resources.html
  from pkg_resources import working_set
/ddn/smcelroy97/miniconda3/envs/netpyne_sm/bin/nrniv:10: DeprecationWarning: pkg_resources is deprecated as an API. See https://setuptools.pypa.io/en/latest/pkg_resources.html
  from pkg_resources import working_set
/ddn/smcelroy97/miniconda3/envs/netpyne_sm/bin/nrniv:10: DeprecationWarning: pkg_resources is deprecated as an API. See https://setuptools.pypa.io/en/latest/pkg_resources.html
  from pkg_resources import working_set
/ddn/smcelroy97/miniconda3/envs/netpyne_sm/bin/nrniv:10: DeprecationWarning: pkg_resources is deprecated as an API. See https://setuptools.pypa.io/en/latest/pkg_resources.html
  from pkg_resources import working_set
numprocs=44
NEURON -- VERSION 8.2.3 HEAD (f0ed37010) 2023-09-14
Duke, Yale, and the BlueBrain Project -- Copyright 1984-2022
See http://neuron.yale.edu/neuron/credits

Additional mechanisms from files
 "mod/APCounter2.mod" "mod/ar_traub.mod" "mod/beforestep_py.mod" "mod/CA1ika.mod" "mod/CA1ikdr.mod" "mod/CA1ina.mod" "mod/cadad.mod" "mod/cadecay_destexhe.mod" "mod/cad.mod" "mod/Cadynamics.mod" "mod/cadyn.mod" "mod/cagk.mod" "mod/cal_mh.mod" "mod/cal_mig.mod" "mod/cancr.mod" "mod/canin.mod" "mod/can_mig.mod" "mod/caolmw.mod" "mod/capr.mod" "mod/catcb.mod" "mod/cat_mig.mod" "mod/cat_traub.mod" "mod/ch_CavL.mod" "mod/ch_CavN.mod" "mod/ch_KCaS.mod" "mod/ch_Kdrfastngf.mod" "mod/ch_KvAngf.mod" "mod/ch_KvCaB.mod" "mod/ch_leak.mod" "mod/ch_Navngf.mod" "mod/ConductanceSource.mod" "mod/cp2.mod" "mod/cp.mod" "mod/DynamicNetStim.mod" "mod/gabab.mod" "mod/h_BS.mod" "mod/HH2.mod" "mod/h_harnett.mod" "mod/HH_traub.mod" "mod/hin.mod" "mod/h_kole.mod" "mod/h_migliore.mod" "mod/htc.mod" "mod/Iahp.mod" "mod/ICal.mod" "mod/Ican.mod" "mod/ican_sidi.mod" "mod/icaolmw.mod" "mod/icapr.mod" "mod/iccr.mod" "mod/IC.mod" "mod/iconc_Ca.mod" "mod/iholmkop.mod" "mod/iholmw.mod" "mod/ihpyrkop.mod" "mod/IKM.mod" "mod/ikscr.mod" "mod/IKsin.mod" "mod/IL_gutnick.mod" "mod/IL.mod" "mod/IM_cortex.mod" "mod/ipulse3.mod" "mod/IT2.mod" "mod/IT.mod" "mod/kahppr.mod" "mod/kaolmkop.mod" "mod/kap_BS.mod" "mod/kapcb.mod" "mod/kapin.mod" "mod/kapyrkop.mod" "mod/kBK.mod" "mod/kca.mod" "mod/kcaolmw.mod" "mod/kcpr.mod" "mod/kctin.mod" "mod/kdmc_BS.mod" "mod/kdr2_orig.mod" "mod/kdr_BS.mod" "mod/kdrbwb.mod" "mod/kdrcr.mod" "mod/kdrin.mod" "mod/kdrolmkop.mod" "mod/kdrpr.mod" "mod/kdrpyrkop.mod" "mod/kl.mod" "mod/km.mod" "mod/kv.mod" "mod/MyExp2SynAlpha.mod" "mod/MyExp2SynBB.mod" "mod/my_exp2syn.mod" "mod/MyExp2SynNMDABB.mod" "mod/na_2.mod" "mod/naf2.mod" "mod/nafbwb.mod" "mod/nafcr.mod" "mod/nafolmkop.mod" "mod/nafpr.mod" "mod/nafpyrkop.mod" "mod/nafx.mod" "mod/nap_sidi.mod" "mod/nax_BS.mod" "mod/naz.mod" "mod/Nca.mod" "mod/ntIh.mod" "mod/ntleak.mod" "mod/ntt_int.mod" "mod/ntt.mod" "mod/pasi.mod" "mod/savedist.mod" "mod/tia.mod" "mod/vecstim.mod"
wiring ctx
popName 	 resting_potential 	 input_resistance 	 holding_current
NGF1 	              -62.600 	              396.750 	               -0.031
PV2 	              -74.050 	              140.530 	               -0.007
SOM2 	              -64.880 	              234.530 	               -0.043
VIP2 	              -70.100 	              227.550 	               -0.022
NGF2 	              -62.600 	              396.750 	               -0.031
PV3 	              -74.050 	              140.530 	               -0.007
SOM3 	              -64.880 	              234.530 	               -0.043
VIP3 	              -70.100 	              227.550 	               -0.022
NGF3 	              -62.600 	              396.750 	               -0.031
PV4 	              -74.050 	              140.530 	               -0.007
SOM4 	              -64.880 	              234.530 	               -0.043
VIP4 	              -70.100 	              227.550 	               -0.022
NGF4 	              -62.600 	              396.750 	               -0.031
PV5A 	              -74.050 	              140.530 	               -0.007
SOM5A 	              -64.880 	              234.530 	               -0.043
VIP5A 	              -70.100 	              227.550 	               -0.022
NGF5A 	              -62.600 	              396.750 	               -0.031
PV5B 	              -74.050 	              140.530 	               -0.007
SOM5B 	              -64.880 	              234.530 	               -0.043
VIP5B 	              -70.100 	              227.550 	               -0.022
NGF5B 	              -62.600 	              396.750 	               -0.031
PV6 	              -74.050 	              140.530 	               -0.007
SOM6 	              -64.880 	              234.530 	               -0.043
VIP6 	              -70.100 	              227.550 	               -0.022
NGF6 	              -62.600 	              396.750 	               -0.031
IT2 	              -85.770 	               87.130 	                0.124
IT3 	              -85.670 	               75.960 	                0.140
ITP4 	              -85.860 	               76.210 	                0.143
ITS4 	              -85.390 	              197.720 	                0.053
IT5A 	              -81.190 	              115.390 	                0.054
CT5A 	              -86.040 	               57.610 	                0.192
IT5B 	              -81.140 	              107.410 	                0.057
CT5B 	              -86.040 	               57.610 	                0.192
PT5B 	              -80.430 	               71.290 	                0.076
IT6 	              -80.500 	              111.440 	                0.049
CT6 	              -86.040 	               57.610 	                0.192

Start time:  2025-07-22 09:57:33.506041


Creating network of 43 cell populations on 44 hosts...:   0%|          |[A

Creating network of 43 cell populations on 44 hosts...:  19%|#8        |[A

Creating network of 43 cell populations on 44 hosts...:  30%|###       |[A

Creating network of 43 cell populations on 44 hosts...:  47%|####6     |[A

Creating network of 43 cell populations on 44 hosts...:  63%|######2   |[A

Creating network of 43 cell populations on 44 hosts...:  77%|#######6  |[A

Creating network of 43 cell populations on 44 hosts...:  91%|######### |[A
Creating network of 43 cell populations on 44 hosts...: 100%|##########|
